Determining if the Q_WS_WIN exist failed with the following output:
Change Dir: /home/shaoan/projects/improvedTrICP/build/CMakeFiles/CMakeTmp

Run Build Command:"/usr/bin/make" "cmTryCompileExec2795890090/fast"
/usr/bin/make -f CMakeFiles/cmTryCompileExec2795890090.dir/build.make CMakeFiles/cmTryCompileExec2795890090.dir/build
make[1]: Entering directory `/home/shaoan/projects/improvedTrICP/build/CMakeFiles/CMakeTmp'
/usr/bin/cmake -E cmake_progress_report /home/shaoan/projects/improvedTrICP/build/CMakeFiles/CMakeTmp/CMakeFiles 1
Building CXX object CMakeFiles/cmTryCompileExec2795890090.dir/CheckSymbolExists.cxx.o
/usr/bin/c++    -I/usr/include/qt4    -o CMakeFiles/cmTryCompileExec2795890090.dir/CheckSymbolExists.cxx.o -c /home/shaoan/projects/improvedTrICP/build/CMakeFiles/CMakeTmp/CheckSymbolExists.cxx
/home/shaoan/projects/improvedTrICP/build/CMakeFiles/CMakeTmp/CheckSymbolExists.cxx: In function ‘int main(int, char**)’:
/home/shaoan/projects/improvedTrICP/build/CMakeFiles/CMakeTmp/CheckSymbolExists.cxx:8:19: error: ‘Q_WS_WIN’ was not declared in this scope
   return ((int*)(&Q_WS_WIN))[argc];
                   ^
make[1]: *** [CMakeFiles/cmTryCompileExec2795890090.dir/CheckSymbolExists.cxx.o] Error 1
make[1]: Leaving directory `/home/shaoan/projects/improvedTrICP/build/CMakeFiles/CMakeTmp'
make: *** [cmTryCompileExec2795890090/fast] Error 2

File /home/shaoan/projects/improvedTrICP/build/CMakeFiles/CMakeTmp/CheckSymbolExists.cxx:
/* */
#include <QtCore/qglobal.h>

int main(int argc, char** argv)
{
  (void)argv;
#ifndef Q_WS_WIN
  return ((int*)(&Q_WS_WIN))[argc];
#else
  (void)argc;
  return 0;
#endif
}

Determining if the Q_WS_QWS exist failed with the following output:
Change Dir: /home/shaoan/projects/improvedTrICP/build/CMakeFiles/CMakeTmp

Run Build Command:"/usr/bin/make" "cmTryCompileExec44291911/fast"
/usr/bin/make -f CMakeFiles/cmTryCompileExec44291911.dir/build.make CMakeFiles/cmTryCompileExec44291911.dir/build
make[1]: Entering directory `/home/shaoan/projects/improvedTrICP/build/CMakeFiles/CMakeTmp'
/usr/bin/cmake -E cmake_progress_report /home/shaoan/projects/improvedTrICP/build/CMakeFiles/CMakeTmp/CMakeFiles 1
Building CXX object CMakeFiles/cmTryCompileExec44291911.dir/CheckSymbolExists.cxx.o
/usr/bin/c++    -I/usr/include/qt4    -o CMakeFiles/cmTryCompileExec44291911.dir/CheckSymbolExists.cxx.o -c /home/shaoan/projects/improvedTrICP/build/CMakeFiles/CMakeTmp/CheckSymbolExists.cxx
/home/shaoan/projects/improvedTrICP/build/CMakeFiles/CMakeTmp/CheckSymbolExists.cxx: In function ‘int main(int, char**)’:
/home/shaoan/projects/improvedTrICP/build/CMakeFiles/CMakeTmp/CheckSymbolExists.cxx:8:19: error: ‘Q_WS_QWS’ was not declared in this scope
   return ((int*)(&Q_WS_QWS))[argc];
                   ^
make[1]: *** [CMakeFiles/cmTryCompileExec44291911.dir/CheckSymbolExists.cxx.o] Error 1
make[1]: Leaving directory `/home/shaoan/projects/improvedTrICP/build/CMakeFiles/CMakeTmp'
make: *** [cmTryCompileExec44291911/fast] Error 2

File /home/shaoan/projects/improvedTrICP/build/CMakeFiles/CMakeTmp/CheckSymbolExists.cxx:
/* */
#include <QtCore/qglobal.h>

int main(int argc, char** argv)
{
  (void)argv;
#ifndef Q_WS_QWS
  return ((int*)(&Q_WS_QWS))[argc];
#else
  (void)argc;
  return 0;
#endif
}

Determining if the Q_WS_MAC exist failed with the following output:
Change Dir: /home/shaoan/projects/improvedTrICP/build/CMakeFiles/CMakeTmp

Run Build Command:"/usr/bin/make" "cmTryCompileExec894913056/fast"
/usr/bin/make -f CMakeFiles/cmTryCompileExec894913056.dir/build.make CMakeFiles/cmTryCompileExec894913056.dir/build
make[1]: Entering directory `/home/shaoan/projects/improvedTrICP/build/CMakeFiles/CMakeTmp'
/usr/bin/cmake -E cmake_progress_report /home/shaoan/projects/improvedTrICP/build/CMakeFiles/CMakeTmp/CMakeFiles 1
Building CXX object CMakeFiles/cmTryCompileExec894913056.dir/CheckSymbolExists.cxx.o
/usr/bin/c++    -I/usr/include/qt4    -o CMakeFiles/cmTryCompileExec894913056.dir/CheckSymbolExists.cxx.o -c /home/shaoan/projects/improvedTrICP/build/CMakeFiles/CMakeTmp/CheckSymbolExists.cxx
/home/shaoan/projects/improvedTrICP/build/CMakeFiles/CMakeTmp/CheckSymbolExists.cxx: In function ‘int main(int, char**)’:
/home/shaoan/projects/improvedTrICP/build/CMakeFiles/CMakeTmp/CheckSymbolExists.cxx:8:19: error: ‘Q_WS_MAC’ was not declared in this scope
   return ((int*)(&Q_WS_MAC))[argc];
                   ^
make[1]: *** [CMakeFiles/cmTryCompileExec894913056.dir/CheckSymbolExists.cxx.o] Error 1
make[1]: Leaving directory `/home/shaoan/projects/improvedTrICP/build/CMakeFiles/CMakeTmp'
make: *** [cmTryCompileExec894913056/fast] Error 2

File /home/shaoan/projects/improvedTrICP/build/CMakeFiles/CMakeTmp/CheckSymbolExists.cxx:
/* */
#include <QtCore/qglobal.h>

int main(int argc, char** argv)
{
  (void)argv;
#ifndef Q_WS_MAC
  return ((int*)(&Q_WS_MAC))[argc];
#else
  (void)argc;
  return 0;
#endif
}

